<?xml version="1.0" encoding="UTF-8"?>
<testng-results ignored="0" total="1" passed="1" failed="0" skipped="0">
  <reporter-output>
  </reporter-output>
  <suite started-at="2023-03-15T18:58:54 EDT" name="Default suite" finished-at="2023-03-15T18:59:12 EDT" duration-ms="18141">
    <groups>
    </groups>
    <test started-at="2023-03-15T18:58:54 EDT" name="Default test" finished-at="2023-03-15T18:59:12 EDT" duration-ms="18141">
      <class name="com.Namaskar.VerifyTitleTest">
        <test-method signature="titleTest()[pri:0, instance:com.Namaskar.VerifyTitleTest@3b0fe47a]" started-at="2023-03-15T18:58:54 EDT" name="titleTest" finished-at="2023-03-15T18:59:12 EDT" duration-ms="18096" status="PASS">
          <reporter-output>
          </reporter-output>
        </test-method> <!-- titleTest -->
      </class> <!-- com.Namaskar.VerifyTitleTest -->
    </test> <!-- Default test -->
  </suite> <!-- Default suite -->
</testng-results>
